
[2015-05-17 13:44:38]  set names utf8
[2015-05-17 13:44:38]  select cid,cname,pid,childlist,pidlist,level from mall.m_cate
[2015-05-17 13:44:38]  select pid from mall.m_cate where cid=41
[2015-05-17 13:44:38]  select childlist from mall.m_cate where cid=52
[2015-05-17 13:44:38]  delete from mall.m_cate where cid in (41)
[2015-05-17 13:44:38]  update mall.m_cate set childlist='53' where cid=52
[2015-05-17 13:44:38]  select cid,cname,pid,childlist,pidlist,level from mall.m_cate
[2015-05-17 13:49:34]  set names utf8
[2015-05-17 13:49:34]  select cid,cname,pid,childlist,pidlist,level from mall.m_cate
[2015-05-17 13:49:34]  set names utf8
[2015-05-17 13:49:34]  select cid,cname,pid,childlist,pidlist,level from mall.m_cate
[2015-05-17 13:49:35]  set names utf8
[2015-05-17 13:49:35]  select cid,cname,pid,childlist,pidlist,level from mall.m_cate
[2015-05-17 13:49:35]  set names utf8
[2015-05-17 13:49:35]  select cid,cname,pid,childlist,pidlist,level from mall.m_cate
[2015-05-17 13:49:36]  set names utf8
[2015-05-17 13:49:36]  select cid,cname,pid,childlist,pidlist,level from mall.m_cate
[2015-05-17 13:49:36]  set names utf8
[2015-05-17 13:49:36]  select cid,cname,pid,childlist,pidlist,level from mall.m_cate
[2015-05-17 13:49:36]  set names utf8
[2015-05-17 13:49:36]  select cid,cname,pid,childlist,pidlist,level from mall.m_cate
[2015-05-17 13:49:36]  set names utf8
[2015-05-17 13:49:36]  select cid,cname,pid,childlist,pidlist,level from mall.m_cate
[2015-05-17 13:49:37]  set names utf8
[2015-05-17 13:49:37]  select cid,cname,pid,childlist,pidlist,level from mall.m_cate
[2015-05-17 13:49:37]  set names utf8
[2015-05-17 13:49:37]  select cid,cname,pid,childlist,pidlist,level from mall.m_cate
[2015-05-17 13:49:37]  set names utf8
[2015-05-17 13:49:37]  select cid,cname,pid,childlist,pidlist,level from mall.m_cate
[2015-05-17 13:49:37]  set names utf8
[2015-05-17 13:49:37]  select cid,cname,pid,childlist,pidlist,level from mall.m_cate
[2015-05-17 13:49:37]  set names utf8
[2015-05-17 13:49:37]  select cid,cname,pid,childlist,pidlist,level from mall.m_cate
[2015-05-17 13:49:37]  set names utf8
[2015-05-17 13:49:37]  select cid,cname,pid,childlist,pidlist,level from mall.m_cate
[2015-05-17 13:49:37]  set names utf8
[2015-05-17 13:49:37]  select cid,cname,pid,childlist,pidlist,level from mall.m_cate
[2015-05-17 13:49:38]  set names utf8
[2015-05-17 13:49:38]  select cid,cname,pid,childlist,pidlist,level from mall.m_cate
[2015-05-17 13:49:38]  set names utf8
[2015-05-17 13:49:38]  select cid,cname,pid,childlist,pidlist,level from mall.m_cate
[2015-05-17 13:49:38]  set names utf8
[2015-05-17 13:49:38]  select cid,cname,pid,childlist,pidlist,level from mall.m_cate
[2015-05-17 13:49:45]  set names utf8
[2015-05-17 13:49:45]  select cid,cname,pid,childlist,pidlist,level from mall.m_cate
[2015-05-17 13:49:45]  select cname,pid,info from mall.m_cate where cid=45 limit 1
[2015-05-17 13:49:46]  set names utf8
[2015-05-17 13:49:46]  select cid,cname,pid,childlist,pidlist,level from mall.m_cate
[2015-05-17 13:49:47]  set names utf8
[2015-05-17 13:49:47]  select cid,cname,pid,childlist,pidlist,level from mall.m_cate
[2015-05-17 13:49:47]  set names utf8
[2015-05-17 13:49:47]  select cid,cname,pid,childlist,pidlist,level from mall.m_cate
[2015-05-17 13:49:47]  set names utf8
[2015-05-17 13:49:47]  select cid,cname,pid,childlist,pidlist,level from mall.m_cate
[2015-05-17 13:49:48]  set names utf8
[2015-05-17 13:49:48]  select cid,cname,pid,childlist,pidlist,level from mall.m_cate
[2015-05-17 13:49:48]  select pid from mall.m_cate where cid=45
[2015-05-17 13:49:48]  select childlist from mall.m_cate where cid=53
[2015-05-17 13:49:48]  delete from mall.m_cate where cid in (45)
[2015-05-17 13:49:48]  update mall.m_cate set childlist='44,49' where cid=53
[2015-05-17 13:49:48]  select cid,cname,pid,childlist,pidlist,level from mall.m_cate
[2015-05-17 13:53:03]  set names utf8
[2015-05-17 13:53:03]  select cid,cname,pid,childlist,pidlist,level from mall.m_cate
[2015-05-17 13:53:03]  set names utf8
[2015-05-17 13:53:03]  select cid,cname,pid,childlist,pidlist,level from mall.m_cate
[2015-05-17 13:53:03]  set names utf8
[2015-05-17 13:53:03]  select cid,cname,pid,childlist,pidlist,level from mall.m_cate
[2015-05-17 13:53:03]  set names utf8
[2015-05-17 13:53:03]  select cid,cname,pid,childlist,pidlist,level from mall.m_cate
[2015-05-17 13:53:04]  set names utf8
[2015-05-17 13:53:04]  select cid,cname,pid,childlist,pidlist,level from mall.m_cate
[2015-05-17 13:53:04]  set names utf8
[2015-05-17 13:53:04]  select cid,cname,pid,childlist,pidlist,level from mall.m_cate
[2015-05-17 13:53:04]  set names utf8
[2015-05-17 13:53:04]  select cid,cname,pid,childlist,pidlist,level from mall.m_cate
[2015-05-17 13:53:04]  set names utf8
[2015-05-17 13:53:04]  select cid,cname,pid,childlist,pidlist,level from mall.m_cate
[2015-05-17 13:53:07]  set names utf8
[2015-05-17 13:53:07]  select cid,cname,pid,childlist,pidlist,level from mall.m_cate
[2015-05-17 13:53:07]  select pid from mall.m_cate where cid=44
[2015-05-17 13:53:07]  select childlist from mall.m_cate where cid=53
[2015-05-17 13:53:07]  delete from mall.m_cate where cid in (44)
[2015-05-17 13:53:07]  update mall.m_cate set childlist='49' where cid=53
[2015-05-17 13:53:07]  select cid,cname,pid,childlist,pidlist,level from mall.m_cate
[2015-05-17 13:53:14]  set names utf8
[2015-05-17 13:53:14]  select cid,cname,pid,childlist,pidlist,level from mall.m_cate
[2015-05-17 13:53:14]  select pid from mall.m_cate where cid=53
[2015-05-17 13:53:14]  select childlist from mall.m_cate where cid=52
[2015-05-17 13:53:14]  delete from mall.m_cate where cid in (53,49)
[2015-05-17 13:53:14]  update mall.m_cate set childlist='' where cid=52
[2015-05-17 13:53:14]  select cid,cname,pid,childlist,pidlist,level from mall.m_cate
[2015-05-17 13:53:17]  set names utf8
[2015-05-17 13:53:17]  select cid,cname,pid,childlist,pidlist,level from mall.m_cate
[2015-05-17 13:53:17]  set names utf8
[2015-05-17 13:53:17]  select cid,cname,pid,childlist,pidlist,level from mall.m_cate
[2015-05-17 13:53:18]  set names utf8
[2015-05-17 13:53:18]  select cid,cname,pid,childlist,pidlist,level from mall.m_cate
[2015-05-17 13:53:18]  set names utf8
[2015-05-17 13:53:18]  select cid,cname,pid,childlist,pidlist,level from mall.m_cate
[2015-05-17 13:53:18]  set names utf8
[2015-05-17 13:53:18]  select cid,cname,pid,childlist,pidlist,level from mall.m_cate
[2015-05-17 13:53:18]  set names utf8
[2015-05-17 13:53:18]  select cid,cname,pid,childlist,pidlist,level from mall.m_cate
[2015-05-17 13:53:18]  set names utf8
[2015-05-17 13:53:18]  select cid,cname,pid,childlist,pidlist,level from mall.m_cate
[2015-05-17 13:53:18]  set names utf8
[2015-05-17 13:53:18]  select cid,cname,pid,childlist,pidlist,level from mall.m_cate
[2015-05-17 13:53:28]  set names utf8
[2015-05-17 13:53:28]  select cid,cname,pid,childlist,pidlist,level from mall.m_cate
[2015-05-17 13:53:28]  set names utf8
[2015-05-17 13:53:28]  select cid,cname,pid,childlist,pidlist,level from mall.m_cate
[2015-05-17 13:53:28]  set names utf8
[2015-05-17 13:53:28]  select cid,cname,pid,childlist,pidlist,level from mall.m_cate
[2015-05-17 13:53:29]  set names utf8
[2015-05-17 13:53:29]  select cid,cname,pid,childlist,pidlist,level from mall.m_cate
[2015-05-17 13:53:29]  set names utf8
[2015-05-17 13:53:29]  select cid,cname,pid,childlist,pidlist,level from mall.m_cate
[2015-05-17 13:53:29]  set names utf8
[2015-05-17 13:53:29]  select gid,name,left(goods_name,7)as gname,goods_name,goods_number,shop_price,activi_price,click_count,left(add_time,10) as addtime from m_goods a left join m_shop b on a.sid=b.sid where a.is_delete = 0 and b.uid=1 limit 0,9
[2015-05-17 13:53:29]  select count(*) as total from m_goods a left join m_shop b on a.sid=b.sid where a.is_delete = 0 and b.uid=1
[2015-05-17 13:53:29]  set names utf8
[2015-05-17 13:53:29]  select cid,cname,pid,childlist,pidlist,level from mall.m_cate
[2015-05-17 13:53:30]  set names utf8
[2015-05-17 13:53:30]  select cid,cname,pid,childlist,pidlist,level from mall.m_cate
[2015-05-17 13:53:30]  set names utf8
[2015-05-17 13:53:30]  select cid,cname,pid,childlist,pidlist,level from mall.m_cate
[2015-05-17 13:54:07]  set names utf8
[2015-05-17 13:54:07]  select cid,cname,pid,childlist,pidlist,level from mall.m_cate
[2015-05-17 13:54:07]  set names utf8
[2015-05-17 13:54:07]  select cid,cname,pid,childlist,pidlist,level from mall.m_cate
[2015-05-17 13:54:09]  set names utf8
[2015-05-17 13:54:09]  select cid,cname,pid,childlist,pidlist,level from mall.m_cate
[2015-05-17 13:54:10]  set names utf8
[2015-05-17 13:54:10]  select cid,cname,pid,childlist,pidlist,level from mall.m_cate
[2015-05-17 13:54:11]  set names utf8
[2015-05-17 13:54:11]  select cid,cname,pid,childlist,pidlist,level from mall.m_cate
[2015-05-17 13:54:11]  set names utf8
[2015-05-17 13:54:11]  select cid,cname,pid,childlist,pidlist,level from mall.m_cate
[2015-05-17 13:54:12]  set names utf8
[2015-05-17 13:54:12]  select cid,cname,pid,childlist,pidlist,level from mall.m_cate
[2015-05-17 13:54:12]  set names utf8
[2015-05-17 13:54:12]  select gid,name,left(goods_name,7)as gname,goods_name,goods_number,shop_price,activi_price,click_count,left(add_time,10) as addtime from m_goods a left join m_shop b on a.sid=b.sid where a.is_delete = 0 and b.uid=1 limit 0,9
[2015-05-17 13:54:12]  select count(*) as total from m_goods a left join m_shop b on a.sid=b.sid where a.is_delete = 0 and b.uid=1
[2015-05-17 13:54:12]  set names utf8
[2015-05-17 13:54:12]  select cid,cname,pid,childlist,pidlist,level from mall.m_cate
